
> geosentry-frontend@1.0.0 dev
> vite --port 3000 --host


  VITE v4.5.14  ready in 663 ms

  ➜  Local:   http://localhost:3000/
  ➜  Network: http://192.168.0.102:3000/
/Users/pablodias/Projects/geosentry/frontend/src/App.tsx: Unexpected token (1:0)

> 1 | # © 2026 Pablo Dias. Todos os direitos reservados.
    | ^
  2 |
  3 | import React, { useState, useCallback } from 'react';
  4 | import { Menu } from 'lucide-react';
4:41:06 PM [vite] Internal server error: /Users/pablodias/Projects/geosentry/frontend/src/App.tsx: Unexpected token (1:0)

> 1 | # © 2026 Pablo Dias. Todos os direitos reservados.
    | ^
  2 |
  3 | import React, { useState, useCallback } from 'react';
  4 | import { Menu } from 'lucide-react';
  Plugin: vite:react-babel
  File: /Users/pablodias/Projects/geosentry/frontend/src/App.tsx:1:0
  1  |  # © 2026 Pablo Dias. Todos os direitos reservados.
     |  ^
  2  |  
  3  |  import React, { useState, useCallback } from 'react';
      at constructor (/Users/pablodias/Projects/geosentry/frontend/node_modules/@babel/parser/lib/index.js:365:19)
      at TypeScriptParserMixin.raise (/Users/pablodias/Projects/geosentry/frontend/node_modules/@babel/parser/lib/index.js:6599:19)
      at TypeScriptParserMixin.unexpected (/Users/pablodias/Projects/geosentry/frontend/node_modules/@babel/parser/lib/index.js:6619:16)
      at TypeScriptParserMixin.parseExprAtom (/Users/pablodias/Projects/geosentry/frontend/node_modules/@babel/parser/lib/index.js:11392:22)
      at TypeScriptParserMixin.parseExprAtom (/Users/pablodias/Projects/geosentry/frontend/node_modules/@babel/parser/lib/index.js:4764:20)
      at TypeScriptParserMixin.parseExprSubscripts (/Users/pablodias/Projects/geosentry/frontend/node_modules/@babel/parser/lib/index.js:11081:23)
      at TypeScriptParserMixin.parseUpdate (/Users/pablodias/Projects/geosentry/frontend/node_modules/@babel/parser/lib/index.js:11066:21)
      at TypeScriptParserMixin.parseMaybeUnary (/Users/pablodias/Projects/geosentry/frontend/node_modules/@babel/parser/lib/index.js:11046:23)
      at TypeScriptParserMixin.parseMaybeUnary (/Users/pablodias/Projects/geosentry/frontend/node_modules/@babel/parser/lib/index.js:9837:18)
      at TypeScriptParserMixin.parseMaybeUnaryOrPrivate (/Users/pablodias/Projects/geosentry/frontend/node_modules/@babel/parser/lib/index.js:10899:61)
      at TypeScriptParserMixin.parseExprOps (/Users/pablodias/Projects/geosentry/frontend/node_modules/@babel/parser/lib/index.js:10904:23)
      at TypeScriptParserMixin.parseMaybeConditional (/Users/pablodias/Projects/geosentry/frontend/node_modules/@babel/parser/lib/index.js:10881:23)
      at TypeScriptParserMixin.parseMaybeAssign (/Users/pablodias/Projects/geosentry/frontend/node_modules/@babel/parser/lib/index.js:10831:21)
      at TypeScriptParserMixin.parseMaybeAssign (/Users/pablodias/Projects/geosentry/frontend/node_modules/@babel/parser/lib/index.js:9786:20)
      at TypeScriptParserMixin.parseExpressionBase (/Users/pablodias/Projects/geosentry/frontend/node_modules/@babel/parser/lib/index.js:10784:23)
      at /Users/pablodias/Projects/geosentry/frontend/node_modules/@babel/parser/lib/index.js:10780:39
      at TypeScriptParserMixin.allowInAnd (/Users/pablodias/Projects/geosentry/frontend/node_modules/@babel/parser/lib/index.js:12421:16)
      at TypeScriptParserMixin.parseExpression (/Users/pablodias/Projects/geosentry/frontend/node_modules/@babel/parser/lib/index.js:10780:17)
      at TypeScriptParserMixin.parseStatementContent (/Users/pablodias/Projects/geosentry/frontend/node_modules/@babel/parser/lib/index.js:12895:23)
      at TypeScriptParserMixin.parseStatementContent (/Users/pablodias/Projects/geosentry/frontend/node_modules/@babel/parser/lib/index.js:9508:18)
      at TypeScriptParserMixin.parseStatementLike (/Users/pablodias/Projects/geosentry/frontend/node_modules/@babel/parser/lib/index.js:12767:17)
      at TypeScriptParserMixin.parseModuleItem (/Users/pablodias/Projects/geosentry/frontend/node_modules/@babel/parser/lib/index.js:12744:17)
      at TypeScriptParserMixin.parseBlockOrModuleBlockBody (/Users/pablodias/Projects/geosentry/frontend/node_modules/@babel/parser/lib/index.js:13316:36)
      at TypeScriptParserMixin.parseBlockBody (/Users/pablodias/Projects/geosentry/frontend/node_modules/@babel/parser/lib/index.js:13309:10)
      at TypeScriptParserMixin.parseProgram (/Users/pablodias/Projects/geosentry/frontend/node_modules/@babel/parser/lib/index.js:12622:10)
      at TypeScriptParserMixin.parseTopLevel (/Users/pablodias/Projects/geosentry/frontend/node_modules/@babel/parser/lib/index.js:12612:25)
      at TypeScriptParserMixin.parse (/Users/pablodias/Projects/geosentry/frontend/node_modules/@babel/parser/lib/index.js:14488:25)
      at TypeScriptParserMixin.parse (/Users/pablodias/Projects/geosentry/frontend/node_modules/@babel/parser/lib/index.js:10126:18)
      at parse (/Users/pablodias/Projects/geosentry/frontend/node_modules/@babel/parser/lib/index.js:14522:38)
      at parser (/Users/pablodias/Projects/geosentry/frontend/node_modules/@babel/core/lib/parser/index.js:41:34)
      at parser.next (<anonymous>)
      at normalizeFile (/Users/pablodias/Projects/geosentry/frontend/node_modules/@babel/core/lib/transformation/normalize-file.js:64:37)
      at normalizeFile.next (<anonymous>)
      at run (/Users/pablodias/Projects/geosentry/frontend/node_modules/@babel/core/lib/transformation/index.js:22:50)
      at run.next (<anonymous>)
      at transform (/Users/pablodias/Projects/geosentry/frontend/node_modules/@babel/core/lib/transform.js:22:33)
      at transform.next (<anonymous>)
      at step (/Users/pablodias/Projects/geosentry/frontend/node_modules/gensync/index.js:261:32)
      at /Users/pablodias/Projects/geosentry/frontend/node_modules/gensync/index.js:273:13
      at async.call.result.err.err (/Users/pablodias/Projects/geosentry/frontend/node_modules/gensync/index.js:223:11)
      at /Users/pablodias/Projects/geosentry/frontend/node_modules/gensync/index.js:189:28
      at /Users/pablodias/Projects/geosentry/frontend/node_modules/@babel/core/lib/gensync-utils/async.js:67:7
      at /Users/pablodias/Projects/geosentry/frontend/node_modules/gensync/index.js:113:33
      at step (/Users/pablodias/Projects/geosentry/frontend/node_modules/gensync/index.js:287:14)
      at /Users/pablodias/Projects/geosentry/frontend/node_modules/gensync/index.js:273:13
      at async.call.result.err.err (/Users/pablodias/Projects/geosentry/frontend/node_modules/gensync/index.js:223:11)
4:41:45 PM [vite] Internal server error: /Users/pablodias/Projects/geosentry/frontend/src/App.tsx: Unexpected token (1:0)

> 1 | # © 2026 Pablo Dias. Todos os direitos reservados.
    | ^
  2 |
  3 | import React, { useState, useCallback } from 'react';
  4 | import { Menu } from 'lucide-react';
  Plugin: vite:react-babel
  File: /Users/pablodias/Projects/geosentry/frontend/src/App.tsx:1:0
  1  |  # © 2026 Pablo Dias. Todos os direitos reservados.
     |  ^
  2  |  
  3  |  import React, { useState, useCallback } from 'react';
      at constructor (/Users/pablodias/Projects/geosentry/frontend/node_modules/@babel/parser/lib/index.js:365:19)
      at TypeScriptParserMixin.raise (/Users/pablodias/Projects/geosentry/frontend/node_modules/@babel/parser/lib/index.js:6599:19)
      at TypeScriptParserMixin.unexpected (/Users/pablodias/Projects/geosentry/frontend/node_modules/@babel/parser/lib/index.js:6619:16)
      at TypeScriptParserMixin.parseExprAtom (/Users/pablodias/Projects/geosentry/frontend/node_modules/@babel/parser/lib/index.js:11392:22)
      at TypeScriptParserMixin.parseExprAtom (/Users/pablodias/Projects/geosentry/frontend/node_modules/@babel/parser/lib/index.js:4764:20)
      at TypeScriptParserMixin.parseExprSubscripts (/Users/pablodias/Projects/geosentry/frontend/node_modules/@babel/parser/lib/index.js:11081:23)
      at TypeScriptParserMixin.parseUpdate (/Users/pablodias/Projects/geosentry/frontend/node_modules/@babel/parser/lib/index.js:11066:21)
      at TypeScriptParserMixin.parseMaybeUnary (/Users/pablodias/Projects/geosentry/frontend/node_modules/@babel/parser/lib/index.js:11046:23)
      at TypeScriptParserMixin.parseMaybeUnary (/Users/pablodias/Projects/geosentry/frontend/node_modules/@babel/parser/lib/index.js:9837:18)
      at TypeScriptParserMixin.parseMaybeUnaryOrPrivate (/Users/pablodias/Projects/geosentry/frontend/node_modules/@babel/parser/lib/index.js:10899:61)
      at TypeScriptParserMixin.parseExprOps (/Users/pablodias/Projects/geosentry/frontend/node_modules/@babel/parser/lib/index.js:10904:23)
      at TypeScriptParserMixin.parseMaybeConditional (/Users/pablodias/Projects/geosentry/frontend/node_modules/@babel/parser/lib/index.js:10881:23)
      at TypeScriptParserMixin.parseMaybeAssign (/Users/pablodias/Projects/geosentry/frontend/node_modules/@babel/parser/lib/index.js:10831:21)
      at TypeScriptParserMixin.parseMaybeAssign (/Users/pablodias/Projects/geosentry/frontend/node_modules/@babel/parser/lib/index.js:9786:20)
      at TypeScriptParserMixin.parseExpressionBase (/Users/pablodias/Projects/geosentry/frontend/node_modules/@babel/parser/lib/index.js:10784:23)
      at /Users/pablodias/Projects/geosentry/frontend/node_modules/@babel/parser/lib/index.js:10780:39
      at TypeScriptParserMixin.allowInAnd (/Users/pablodias/Projects/geosentry/frontend/node_modules/@babel/parser/lib/index.js:12421:16)
      at TypeScriptParserMixin.parseExpression (/Users/pablodias/Projects/geosentry/frontend/node_modules/@babel/parser/lib/index.js:10780:17)
      at TypeScriptParserMixin.parseStatementContent (/Users/pablodias/Projects/geosentry/frontend/node_modules/@babel/parser/lib/index.js:12895:23)
      at TypeScriptParserMixin.parseStatementContent (/Users/pablodias/Projects/geosentry/frontend/node_modules/@babel/parser/lib/index.js:9508:18)
      at TypeScriptParserMixin.parseStatementLike (/Users/pablodias/Projects/geosentry/frontend/node_modules/@babel/parser/lib/index.js:12767:17)
      at TypeScriptParserMixin.parseModuleItem (/Users/pablodias/Projects/geosentry/frontend/node_modules/@babel/parser/lib/index.js:12744:17)
      at TypeScriptParserMixin.parseBlockOrModuleBlockBody (/Users/pablodias/Projects/geosentry/frontend/node_modules/@babel/parser/lib/index.js:13316:36)
      at TypeScriptParserMixin.parseBlockBody (/Users/pablodias/Projects/geosentry/frontend/node_modules/@babel/parser/lib/index.js:13309:10)
      at TypeScriptParserMixin.parseProgram (/Users/pablodias/Projects/geosentry/frontend/node_modules/@babel/parser/lib/index.js:12622:10)
      at TypeScriptParserMixin.parseTopLevel (/Users/pablodias/Projects/geosentry/frontend/node_modules/@babel/parser/lib/index.js:12612:25)
      at TypeScriptParserMixin.parse (/Users/pablodias/Projects/geosentry/frontend/node_modules/@babel/parser/lib/index.js:14488:25)
      at TypeScriptParserMixin.parse (/Users/pablodias/Projects/geosentry/frontend/node_modules/@babel/parser/lib/index.js:10126:18)
      at parse (/Users/pablodias/Projects/geosentry/frontend/node_modules/@babel/parser/lib/index.js:14522:38)
      at parser (/Users/pablodias/Projects/geosentry/frontend/node_modules/@babel/core/lib/parser/index.js:41:34)
      at parser.next (<anonymous>)
      at normalizeFile (/Users/pablodias/Projects/geosentry/frontend/node_modules/@babel/core/lib/transformation/normalize-file.js:64:37)
      at normalizeFile.next (<anonymous>)
      at run (/Users/pablodias/Projects/geosentry/frontend/node_modules/@babel/core/lib/transformation/index.js:22:50)
      at run.next (<anonymous>)
      at transform (/Users/pablodias/Projects/geosentry/frontend/node_modules/@babel/core/lib/transform.js:22:33)
      at transform.next (<anonymous>)
      at step (/Users/pablodias/Projects/geosentry/frontend/node_modules/gensync/index.js:261:32)
      at /Users/pablodias/Projects/geosentry/frontend/node_modules/gensync/index.js:273:13
      at async.call.result.err.err (/Users/pablodias/Projects/geosentry/frontend/node_modules/gensync/index.js:223:11)
      at /Users/pablodias/Projects/geosentry/frontend/node_modules/gensync/index.js:189:28
      at /Users/pablodias/Projects/geosentry/frontend/node_modules/@babel/core/lib/gensync-utils/async.js:67:7
      at /Users/pablodias/Projects/geosentry/frontend/node_modules/gensync/index.js:113:33
      at step (/Users/pablodias/Projects/geosentry/frontend/node_modules/gensync/index.js:287:14)
      at /Users/pablodias/Projects/geosentry/frontend/node_modules/gensync/index.js:273:13
      at async.call.result.err.err (/Users/pablodias/Projects/geosentry/frontend/node_modules/gensync/index.js:223:11)
4:41:48 PM [vite] Internal server error: /Users/pablodias/Projects/geosentry/frontend/src/App.tsx: Unexpected token (1:0)

> 1 | # © 2026 Pablo Dias. Todos os direitos reservados.
    | ^
  2 |
  3 | import React, { useState, useCallback } from 'react';
  4 | import { Menu } from 'lucide-react';
  Plugin: vite:react-babel
  File: /Users/pablodias/Projects/geosentry/frontend/src/App.tsx:1:0
  1  |  # © 2026 Pablo Dias. Todos os direitos reservados.
     |  ^
  2  |  
  3  |  import React, { useState, useCallback } from 'react';
      at constructor (/Users/pablodias/Projects/geosentry/frontend/node_modules/@babel/parser/lib/index.js:365:19)
      at TypeScriptParserMixin.raise (/Users/pablodias/Projects/geosentry/frontend/node_modules/@babel/parser/lib/index.js:6599:19)
      at TypeScriptParserMixin.unexpected (/Users/pablodias/Projects/geosentry/frontend/node_modules/@babel/parser/lib/index.js:6619:16)
      at TypeScriptParserMixin.parseExprAtom (/Users/pablodias/Projects/geosentry/frontend/node_modules/@babel/parser/lib/index.js:11392:22)
      at TypeScriptParserMixin.parseExprAtom (/Users/pablodias/Projects/geosentry/frontend/node_modules/@babel/parser/lib/index.js:4764:20)
      at TypeScriptParserMixin.parseExprSubscripts (/Users/pablodias/Projects/geosentry/frontend/node_modules/@babel/parser/lib/index.js:11081:23)
      at TypeScriptParserMixin.parseUpdate (/Users/pablodias/Projects/geosentry/frontend/node_modules/@babel/parser/lib/index.js:11066:21)
      at TypeScriptParserMixin.parseMaybeUnary (/Users/pablodias/Projects/geosentry/frontend/node_modules/@babel/parser/lib/index.js:11046:23)
      at TypeScriptParserMixin.parseMaybeUnary (/Users/pablodias/Projects/geosentry/frontend/node_modules/@babel/parser/lib/index.js:9837:18)
      at TypeScriptParserMixin.parseMaybeUnaryOrPrivate (/Users/pablodias/Projects/geosentry/frontend/node_modules/@babel/parser/lib/index.js:10899:61)
      at TypeScriptParserMixin.parseExprOps (/Users/pablodias/Projects/geosentry/frontend/node_modules/@babel/parser/lib/index.js:10904:23)
      at TypeScriptParserMixin.parseMaybeConditional (/Users/pablodias/Projects/geosentry/frontend/node_modules/@babel/parser/lib/index.js:10881:23)
      at TypeScriptParserMixin.parseMaybeAssign (/Users/pablodias/Projects/geosentry/frontend/node_modules/@babel/parser/lib/index.js:10831:21)
      at TypeScriptParserMixin.parseMaybeAssign (/Users/pablodias/Projects/geosentry/frontend/node_modules/@babel/parser/lib/index.js:9786:20)
      at TypeScriptParserMixin.parseExpressionBase (/Users/pablodias/Projects/geosentry/frontend/node_modules/@babel/parser/lib/index.js:10784:23)
      at /Users/pablodias/Projects/geosentry/frontend/node_modules/@babel/parser/lib/index.js:10780:39
      at TypeScriptParserMixin.allowInAnd (/Users/pablodias/Projects/geosentry/frontend/node_modules/@babel/parser/lib/index.js:12421:16)
      at TypeScriptParserMixin.parseExpression (/Users/pablodias/Projects/geosentry/frontend/node_modules/@babel/parser/lib/index.js:10780:17)
      at TypeScriptParserMixin.parseStatementContent (/Users/pablodias/Projects/geosentry/frontend/node_modules/@babel/parser/lib/index.js:12895:23)
      at TypeScriptParserMixin.parseStatementContent (/Users/pablodias/Projects/geosentry/frontend/node_modules/@babel/parser/lib/index.js:9508:18)
      at TypeScriptParserMixin.parseStatementLike (/Users/pablodias/Projects/geosentry/frontend/node_modules/@babel/parser/lib/index.js:12767:17)
      at TypeScriptParserMixin.parseModuleItem (/Users/pablodias/Projects/geosentry/frontend/node_modules/@babel/parser/lib/index.js:12744:17)
      at TypeScriptParserMixin.parseBlockOrModuleBlockBody (/Users/pablodias/Projects/geosentry/frontend/node_modules/@babel/parser/lib/index.js:13316:36)
      at TypeScriptParserMixin.parseBlockBody (/Users/pablodias/Projects/geosentry/frontend/node_modules/@babel/parser/lib/index.js:13309:10)
      at TypeScriptParserMixin.parseProgram (/Users/pablodias/Projects/geosentry/frontend/node_modules/@babel/parser/lib/index.js:12622:10)
      at TypeScriptParserMixin.parseTopLevel (/Users/pablodias/Projects/geosentry/frontend/node_modules/@babel/parser/lib/index.js:12612:25)
      at TypeScriptParserMixin.parse (/Users/pablodias/Projects/geosentry/frontend/node_modules/@babel/parser/lib/index.js:14488:25)
      at TypeScriptParserMixin.parse (/Users/pablodias/Projects/geosentry/frontend/node_modules/@babel/parser/lib/index.js:10126:18)
      at parse (/Users/pablodias/Projects/geosentry/frontend/node_modules/@babel/parser/lib/index.js:14522:38)
      at parser (/Users/pablodias/Projects/geosentry/frontend/node_modules/@babel/core/lib/parser/index.js:41:34)
      at parser.next (<anonymous>)
      at normalizeFile (/Users/pablodias/Projects/geosentry/frontend/node_modules/@babel/core/lib/transformation/normalize-file.js:64:37)
      at normalizeFile.next (<anonymous>)
      at run (/Users/pablodias/Projects/geosentry/frontend/node_modules/@babel/core/lib/transformation/index.js:22:50)
      at run.next (<anonymous>)
      at transform (/Users/pablodias/Projects/geosentry/frontend/node_modules/@babel/core/lib/transform.js:22:33)
      at transform.next (<anonymous>)
      at step (/Users/pablodias/Projects/geosentry/frontend/node_modules/gensync/index.js:261:32)
      at /Users/pablodias/Projects/geosentry/frontend/node_modules/gensync/index.js:273:13
      at async.call.result.err.err (/Users/pablodias/Projects/geosentry/frontend/node_modules/gensync/index.js:223:11)
      at /Users/pablodias/Projects/geosentry/frontend/node_modules/gensync/index.js:189:28
      at /Users/pablodias/Projects/geosentry/frontend/node_modules/@babel/core/lib/gensync-utils/async.js:67:7
      at /Users/pablodias/Projects/geosentry/frontend/node_modules/gensync/index.js:113:33
      at step (/Users/pablodias/Projects/geosentry/frontend/node_modules/gensync/index.js:287:14)
      at /Users/pablodias/Projects/geosentry/frontend/node_modules/gensync/index.js:273:13
      at async.call.result.err.err (/Users/pablodias/Projects/geosentry/frontend/node_modules/gensync/index.js:223:11)
4:41:48 PM [vite] Internal server error: /Users/pablodias/Projects/geosentry/frontend/src/App.tsx: Unexpected token (1:0)

> 1 | # © 2026 Pablo Dias. Todos os direitos reservados.
    | ^
  2 |
  3 | import React, { useState, useCallback } from 'react';
  4 | import { Menu } from 'lucide-react';
  Plugin: vite:react-babel
  File: /Users/pablodias/Projects/geosentry/frontend/src/App.tsx:1:0
  1  |  # © 2026 Pablo Dias. Todos os direitos reservados.
     |  ^
  2  |  
  3  |  import React, { useState, useCallback } from 'react';
      at constructor (/Users/pablodias/Projects/geosentry/frontend/node_modules/@babel/parser/lib/index.js:365:19)
      at TypeScriptParserMixin.raise (/Users/pablodias/Projects/geosentry/frontend/node_modules/@babel/parser/lib/index.js:6599:19)
      at TypeScriptParserMixin.unexpected (/Users/pablodias/Projects/geosentry/frontend/node_modules/@babel/parser/lib/index.js:6619:16)
      at TypeScriptParserMixin.parseExprAtom (/Users/pablodias/Projects/geosentry/frontend/node_modules/@babel/parser/lib/index.js:11392:22)
      at TypeScriptParserMixin.parseExprAtom (/Users/pablodias/Projects/geosentry/frontend/node_modules/@babel/parser/lib/index.js:4764:20)
      at TypeScriptParserMixin.parseExprSubscripts (/Users/pablodias/Projects/geosentry/frontend/node_modules/@babel/parser/lib/index.js:11081:23)
      at TypeScriptParserMixin.parseUpdate (/Users/pablodias/Projects/geosentry/frontend/node_modules/@babel/parser/lib/index.js:11066:21)
      at TypeScriptParserMixin.parseMaybeUnary (/Users/pablodias/Projects/geosentry/frontend/node_modules/@babel/parser/lib/index.js:11046:23)
      at TypeScriptParserMixin.parseMaybeUnary (/Users/pablodias/Projects/geosentry/frontend/node_modules/@babel/parser/lib/index.js:9837:18)
      at TypeScriptParserMixin.parseMaybeUnaryOrPrivate (/Users/pablodias/Projects/geosentry/frontend/node_modules/@babel/parser/lib/index.js:10899:61)
      at TypeScriptParserMixin.parseExprOps (/Users/pablodias/Projects/geosentry/frontend/node_modules/@babel/parser/lib/index.js:10904:23)
      at TypeScriptParserMixin.parseMaybeConditional (/Users/pablodias/Projects/geosentry/frontend/node_modules/@babel/parser/lib/index.js:10881:23)
      at TypeScriptParserMixin.parseMaybeAssign (/Users/pablodias/Projects/geosentry/frontend/node_modules/@babel/parser/lib/index.js:10831:21)
      at TypeScriptParserMixin.parseMaybeAssign (/Users/pablodias/Projects/geosentry/frontend/node_modules/@babel/parser/lib/index.js:9786:20)
      at TypeScriptParserMixin.parseExpressionBase (/Users/pablodias/Projects/geosentry/frontend/node_modules/@babel/parser/lib/index.js:10784:23)
      at /Users/pablodias/Projects/geosentry/frontend/node_modules/@babel/parser/lib/index.js:10780:39
      at TypeScriptParserMixin.allowInAnd (/Users/pablodias/Projects/geosentry/frontend/node_modules/@babel/parser/lib/index.js:12421:16)
      at TypeScriptParserMixin.parseExpression (/Users/pablodias/Projects/geosentry/frontend/node_modules/@babel/parser/lib/index.js:10780:17)
      at TypeScriptParserMixin.parseStatementContent (/Users/pablodias/Projects/geosentry/frontend/node_modules/@babel/parser/lib/index.js:12895:23)
      at TypeScriptParserMixin.parseStatementContent (/Users/pablodias/Projects/geosentry/frontend/node_modules/@babel/parser/lib/index.js:9508:18)
      at TypeScriptParserMixin.parseStatementLike (/Users/pablodias/Projects/geosentry/frontend/node_modules/@babel/parser/lib/index.js:12767:17)
      at TypeScriptParserMixin.parseModuleItem (/Users/pablodias/Projects/geosentry/frontend/node_modules/@babel/parser/lib/index.js:12744:17)
      at TypeScriptParserMixin.parseBlockOrModuleBlockBody (/Users/pablodias/Projects/geosentry/frontend/node_modules/@babel/parser/lib/index.js:13316:36)
      at TypeScriptParserMixin.parseBlockBody (/Users/pablodias/Projects/geosentry/frontend/node_modules/@babel/parser/lib/index.js:13309:10)
      at TypeScriptParserMixin.parseProgram (/Users/pablodias/Projects/geosentry/frontend/node_modules/@babel/parser/lib/index.js:12622:10)
      at TypeScriptParserMixin.parseTopLevel (/Users/pablodias/Projects/geosentry/frontend/node_modules/@babel/parser/lib/index.js:12612:25)
      at TypeScriptParserMixin.parse (/Users/pablodias/Projects/geosentry/frontend/node_modules/@babel/parser/lib/index.js:14488:25)
      at TypeScriptParserMixin.parse (/Users/pablodias/Projects/geosentry/frontend/node_modules/@babel/parser/lib/index.js:10126:18)
      at parse (/Users/pablodias/Projects/geosentry/frontend/node_modules/@babel/parser/lib/index.js:14522:38)
      at parser (/Users/pablodias/Projects/geosentry/frontend/node_modules/@babel/core/lib/parser/index.js:41:34)
      at parser.next (<anonymous>)
      at normalizeFile (/Users/pablodias/Projects/geosentry/frontend/node_modules/@babel/core/lib/transformation/normalize-file.js:64:37)
      at normalizeFile.next (<anonymous>)
      at run (/Users/pablodias/Projects/geosentry/frontend/node_modules/@babel/core/lib/transformation/index.js:22:50)
      at run.next (<anonymous>)
      at transform (/Users/pablodias/Projects/geosentry/frontend/node_modules/@babel/core/lib/transform.js:22:33)
      at transform.next (<anonymous>)
      at step (/Users/pablodias/Projects/geosentry/frontend/node_modules/gensync/index.js:261:32)
      at /Users/pablodias/Projects/geosentry/frontend/node_modules/gensync/index.js:273:13
      at async.call.result.err.err (/Users/pablodias/Projects/geosentry/frontend/node_modules/gensync/index.js:223:11)
      at /Users/pablodias/Projects/geosentry/frontend/node_modules/gensync/index.js:189:28
      at /Users/pablodias/Projects/geosentry/frontend/node_modules/@babel/core/lib/gensync-utils/async.js:67:7
      at /Users/pablodias/Projects/geosentry/frontend/node_modules/gensync/index.js:113:33
      at step (/Users/pablodias/Projects/geosentry/frontend/node_modules/gensync/index.js:287:14)
      at /Users/pablodias/Projects/geosentry/frontend/node_modules/gensync/index.js:273:13
      at async.call.result.err.err (/Users/pablodias/Projects/geosentry/frontend/node_modules/gensync/index.js:223:11)
4:41:48 PM [vite] Internal server error: /Users/pablodias/Projects/geosentry/frontend/src/App.tsx: Unexpected token (1:0)

> 1 | # © 2026 Pablo Dias. Todos os direitos reservados.
    | ^
  2 |
  3 | import React, { useState, useCallback } from 'react';
  4 | import { Menu } from 'lucide-react';
  Plugin: vite:react-babel
  File: /Users/pablodias/Projects/geosentry/frontend/src/App.tsx:1:0
  1  |  # © 2026 Pablo Dias. Todos os direitos reservados.
     |  ^
  2  |  
  3  |  import React, { useState, useCallback } from 'react';
      at constructor (/Users/pablodias/Projects/geosentry/frontend/node_modules/@babel/parser/lib/index.js:365:19)
      at TypeScriptParserMixin.raise (/Users/pablodias/Projects/geosentry/frontend/node_modules/@babel/parser/lib/index.js:6599:19)
      at TypeScriptParserMixin.unexpected (/Users/pablodias/Projects/geosentry/frontend/node_modules/@babel/parser/lib/index.js:6619:16)
      at TypeScriptParserMixin.parseExprAtom (/Users/pablodias/Projects/geosentry/frontend/node_modules/@babel/parser/lib/index.js:11392:22)
      at TypeScriptParserMixin.parseExprAtom (/Users/pablodias/Projects/geosentry/frontend/node_modules/@babel/parser/lib/index.js:4764:20)
      at TypeScriptParserMixin.parseExprSubscripts (/Users/pablodias/Projects/geosentry/frontend/node_modules/@babel/parser/lib/index.js:11081:23)
      at TypeScriptParserMixin.parseUpdate (/Users/pablodias/Projects/geosentry/frontend/node_modules/@babel/parser/lib/index.js:11066:21)
      at TypeScriptParserMixin.parseMaybeUnary (/Users/pablodias/Projects/geosentry/frontend/node_modules/@babel/parser/lib/index.js:11046:23)
      at TypeScriptParserMixin.parseMaybeUnary (/Users/pablodias/Projects/geosentry/frontend/node_modules/@babel/parser/lib/index.js:9837:18)
      at TypeScriptParserMixin.parseMaybeUnaryOrPrivate (/Users/pablodias/Projects/geosentry/frontend/node_modules/@babel/parser/lib/index.js:10899:61)
      at TypeScriptParserMixin.parseExprOps (/Users/pablodias/Projects/geosentry/frontend/node_modules/@babel/parser/lib/index.js:10904:23)
      at TypeScriptParserMixin.parseMaybeConditional (/Users/pablodias/Projects/geosentry/frontend/node_modules/@babel/parser/lib/index.js:10881:23)
      at TypeScriptParserMixin.parseMaybeAssign (/Users/pablodias/Projects/geosentry/frontend/node_modules/@babel/parser/lib/index.js:10831:21)
      at TypeScriptParserMixin.parseMaybeAssign (/Users/pablodias/Projects/geosentry/frontend/node_modules/@babel/parser/lib/index.js:9786:20)
      at TypeScriptParserMixin.parseExpressionBase (/Users/pablodias/Projects/geosentry/frontend/node_modules/@babel/parser/lib/index.js:10784:23)
      at /Users/pablodias/Projects/geosentry/frontend/node_modules/@babel/parser/lib/index.js:10780:39
      at TypeScriptParserMixin.allowInAnd (/Users/pablodias/Projects/geosentry/frontend/node_modules/@babel/parser/lib/index.js:12421:16)
      at TypeScriptParserMixin.parseExpression (/Users/pablodias/Projects/geosentry/frontend/node_modules/@babel/parser/lib/index.js:10780:17)
      at TypeScriptParserMixin.parseStatementContent (/Users/pablodias/Projects/geosentry/frontend/node_modules/@babel/parser/lib/index.js:12895:23)
      at TypeScriptParserMixin.parseStatementContent (/Users/pablodias/Projects/geosentry/frontend/node_modules/@babel/parser/lib/index.js:9508:18)
      at TypeScriptParserMixin.parseStatementLike (/Users/pablodias/Projects/geosentry/frontend/node_modules/@babel/parser/lib/index.js:12767:17)
      at TypeScriptParserMixin.parseModuleItem (/Users/pablodias/Projects/geosentry/frontend/node_modules/@babel/parser/lib/index.js:12744:17)
      at TypeScriptParserMixin.parseBlockOrModuleBlockBody (/Users/pablodias/Projects/geosentry/frontend/node_modules/@babel/parser/lib/index.js:13316:36)
      at TypeScriptParserMixin.parseBlockBody (/Users/pablodias/Projects/geosentry/frontend/node_modules/@babel/parser/lib/index.js:13309:10)
      at TypeScriptParserMixin.parseProgram (/Users/pablodias/Projects/geosentry/frontend/node_modules/@babel/parser/lib/index.js:12622:10)
      at TypeScriptParserMixin.parseTopLevel (/Users/pablodias/Projects/geosentry/frontend/node_modules/@babel/parser/lib/index.js:12612:25)
      at TypeScriptParserMixin.parse (/Users/pablodias/Projects/geosentry/frontend/node_modules/@babel/parser/lib/index.js:14488:25)
      at TypeScriptParserMixin.parse (/Users/pablodias/Projects/geosentry/frontend/node_modules/@babel/parser/lib/index.js:10126:18)
      at parse (/Users/pablodias/Projects/geosentry/frontend/node_modules/@babel/parser/lib/index.js:14522:38)
      at parser (/Users/pablodias/Projects/geosentry/frontend/node_modules/@babel/core/lib/parser/index.js:41:34)
      at parser.next (<anonymous>)
      at normalizeFile (/Users/pablodias/Projects/geosentry/frontend/node_modules/@babel/core/lib/transformation/normalize-file.js:64:37)
      at normalizeFile.next (<anonymous>)
      at run (/Users/pablodias/Projects/geosentry/frontend/node_modules/@babel/core/lib/transformation/index.js:22:50)
      at run.next (<anonymous>)
      at transform (/Users/pablodias/Projects/geosentry/frontend/node_modules/@babel/core/lib/transform.js:22:33)
      at transform.next (<anonymous>)
      at step (/Users/pablodias/Projects/geosentry/frontend/node_modules/gensync/index.js:261:32)
      at /Users/pablodias/Projects/geosentry/frontend/node_modules/gensync/index.js:273:13
      at async.call.result.err.err (/Users/pablodias/Projects/geosentry/frontend/node_modules/gensync/index.js:223:11)
      at /Users/pablodias/Projects/geosentry/frontend/node_modules/gensync/index.js:189:28
      at /Users/pablodias/Projects/geosentry/frontend/node_modules/@babel/core/lib/gensync-utils/async.js:67:7
      at /Users/pablodias/Projects/geosentry/frontend/node_modules/gensync/index.js:113:33
      at step (/Users/pablodias/Projects/geosentry/frontend/node_modules/gensync/index.js:287:14)
      at /Users/pablodias/Projects/geosentry/frontend/node_modules/gensync/index.js:273:13
      at async.call.result.err.err (/Users/pablodias/Projects/geosentry/frontend/node_modules/gensync/index.js:223:11)
4:41:48 PM [vite] Internal server error: /Users/pablodias/Projects/geosentry/frontend/src/App.tsx: Unexpected token (1:0)

> 1 | # © 2026 Pablo Dias. Todos os direitos reservados.
    | ^
  2 |
  3 | import React, { useState, useCallback } from 'react';
  4 | import { Menu } from 'lucide-react';
  Plugin: vite:react-babel
  File: /Users/pablodias/Projects/geosentry/frontend/src/App.tsx:1:0
  1  |  # © 2026 Pablo Dias. Todos os direitos reservados.
     |  ^
  2  |  
  3  |  import React, { useState, useCallback } from 'react';
      at constructor (/Users/pablodias/Projects/geosentry/frontend/node_modules/@babel/parser/lib/index.js:365:19)
      at TypeScriptParserMixin.raise (/Users/pablodias/Projects/geosentry/frontend/node_modules/@babel/parser/lib/index.js:6599:19)
      at TypeScriptParserMixin.unexpected (/Users/pablodias/Projects/geosentry/frontend/node_modules/@babel/parser/lib/index.js:6619:16)
      at TypeScriptParserMixin.parseExprAtom (/Users/pablodias/Projects/geosentry/frontend/node_modules/@babel/parser/lib/index.js:11392:22)
      at TypeScriptParserMixin.parseExprAtom (/Users/pablodias/Projects/geosentry/frontend/node_modules/@babel/parser/lib/index.js:4764:20)
      at TypeScriptParserMixin.parseExprSubscripts (/Users/pablodias/Projects/geosentry/frontend/node_modules/@babel/parser/lib/index.js:11081:23)
      at TypeScriptParserMixin.parseUpdate (/Users/pablodias/Projects/geosentry/frontend/node_modules/@babel/parser/lib/index.js:11066:21)
      at TypeScriptParserMixin.parseMaybeUnary (/Users/pablodias/Projects/geosentry/frontend/node_modules/@babel/parser/lib/index.js:11046:23)
      at TypeScriptParserMixin.parseMaybeUnary (/Users/pablodias/Projects/geosentry/frontend/node_modules/@babel/parser/lib/index.js:9837:18)
      at TypeScriptParserMixin.parseMaybeUnaryOrPrivate (/Users/pablodias/Projects/geosentry/frontend/node_modules/@babel/parser/lib/index.js:10899:61)
      at TypeScriptParserMixin.parseExprOps (/Users/pablodias/Projects/geosentry/frontend/node_modules/@babel/parser/lib/index.js:10904:23)
      at TypeScriptParserMixin.parseMaybeConditional (/Users/pablodias/Projects/geosentry/frontend/node_modules/@babel/parser/lib/index.js:10881:23)
      at TypeScriptParserMixin.parseMaybeAssign (/Users/pablodias/Projects/geosentry/frontend/node_modules/@babel/parser/lib/index.js:10831:21)
      at TypeScriptParserMixin.parseMaybeAssign (/Users/pablodias/Projects/geosentry/frontend/node_modules/@babel/parser/lib/index.js:9786:20)
      at TypeScriptParserMixin.parseExpressionBase (/Users/pablodias/Projects/geosentry/frontend/node_modules/@babel/parser/lib/index.js:10784:23)
      at /Users/pablodias/Projects/geosentry/frontend/node_modules/@babel/parser/lib/index.js:10780:39
      at TypeScriptParserMixin.allowInAnd (/Users/pablodias/Projects/geosentry/frontend/node_modules/@babel/parser/lib/index.js:12421:16)
      at TypeScriptParserMixin.parseExpression (/Users/pablodias/Projects/geosentry/frontend/node_modules/@babel/parser/lib/index.js:10780:17)
      at TypeScriptParserMixin.parseStatementContent (/Users/pablodias/Projects/geosentry/frontend/node_modules/@babel/parser/lib/index.js:12895:23)
      at TypeScriptParserMixin.parseStatementContent (/Users/pablodias/Projects/geosentry/frontend/node_modules/@babel/parser/lib/index.js:9508:18)
      at TypeScriptParserMixin.parseStatementLike (/Users/pablodias/Projects/geosentry/frontend/node_modules/@babel/parser/lib/index.js:12767:17)
      at TypeScriptParserMixin.parseModuleItem (/Users/pablodias/Projects/geosentry/frontend/node_modules/@babel/parser/lib/index.js:12744:17)
      at TypeScriptParserMixin.parseBlockOrModuleBlockBody (/Users/pablodias/Projects/geosentry/frontend/node_modules/@babel/parser/lib/index.js:13316:36)
      at TypeScriptParserMixin.parseBlockBody (/Users/pablodias/Projects/geosentry/frontend/node_modules/@babel/parser/lib/index.js:13309:10)
      at TypeScriptParserMixin.parseProgram (/Users/pablodias/Projects/geosentry/frontend/node_modules/@babel/parser/lib/index.js:12622:10)
      at TypeScriptParserMixin.parseTopLevel (/Users/pablodias/Projects/geosentry/frontend/node_modules/@babel/parser/lib/index.js:12612:25)
      at TypeScriptParserMixin.parse (/Users/pablodias/Projects/geosentry/frontend/node_modules/@babel/parser/lib/index.js:14488:25)
      at TypeScriptParserMixin.parse (/Users/pablodias/Projects/geosentry/frontend/node_modules/@babel/parser/lib/index.js:10126:18)
      at parse (/Users/pablodias/Projects/geosentry/frontend/node_modules/@babel/parser/lib/index.js:14522:38)
      at parser (/Users/pablodias/Projects/geosentry/frontend/node_modules/@babel/core/lib/parser/index.js:41:34)
      at parser.next (<anonymous>)
      at normalizeFile (/Users/pablodias/Projects/geosentry/frontend/node_modules/@babel/core/lib/transformation/normalize-file.js:64:37)
      at normalizeFile.next (<anonymous>)
      at run (/Users/pablodias/Projects/geosentry/frontend/node_modules/@babel/core/lib/transformation/index.js:22:50)
      at run.next (<anonymous>)
      at transform (/Users/pablodias/Projects/geosentry/frontend/node_modules/@babel/core/lib/transform.js:22:33)
      at transform.next (<anonymous>)
      at step (/Users/pablodias/Projects/geosentry/frontend/node_modules/gensync/index.js:261:32)
      at /Users/pablodias/Projects/geosentry/frontend/node_modules/gensync/index.js:273:13
      at async.call.result.err.err (/Users/pablodias/Projects/geosentry/frontend/node_modules/gensync/index.js:223:11)
      at /Users/pablodias/Projects/geosentry/frontend/node_modules/gensync/index.js:189:28
      at /Users/pablodias/Projects/geosentry/frontend/node_modules/@babel/core/lib/gensync-utils/async.js:67:7
      at /Users/pablodias/Projects/geosentry/frontend/node_modules/gensync/index.js:113:33
      at step (/Users/pablodias/Projects/geosentry/frontend/node_modules/gensync/index.js:287:14)
      at /Users/pablodias/Projects/geosentry/frontend/node_modules/gensync/index.js:273:13
      at async.call.result.err.err (/Users/pablodias/Projects/geosentry/frontend/node_modules/gensync/index.js:223:11)
4:41:48 PM [vite] Internal server error: /Users/pablodias/Projects/geosentry/frontend/src/App.tsx: Unexpected token (1:0)

> 1 | # © 2026 Pablo Dias. Todos os direitos reservados.
    | ^
  2 |
  3 | import React, { useState, useCallback } from 'react';
  4 | import { Menu } from 'lucide-react';
  Plugin: vite:react-babel
  File: /Users/pablodias/Projects/geosentry/frontend/src/App.tsx:1:0
  1  |  # © 2026 Pablo Dias. Todos os direitos reservados.
     |  ^
  2  |  
  3  |  import React, { useState, useCallback } from 'react';
      at constructor (/Users/pablodias/Projects/geosentry/frontend/node_modules/@babel/parser/lib/index.js:365:19)
      at TypeScriptParserMixin.raise (/Users/pablodias/Projects/geosentry/frontend/node_modules/@babel/parser/lib/index.js:6599:19)
      at TypeScriptParserMixin.unexpected (/Users/pablodias/Projects/geosentry/frontend/node_modules/@babel/parser/lib/index.js:6619:16)
      at TypeScriptParserMixin.parseExprAtom (/Users/pablodias/Projects/geosentry/frontend/node_modules/@babel/parser/lib/index.js:11392:22)
      at TypeScriptParserMixin.parseExprAtom (/Users/pablodias/Projects/geosentry/frontend/node_modules/@babel/parser/lib/index.js:4764:20)
      at TypeScriptParserMixin.parseExprSubscripts (/Users/pablodias/Projects/geosentry/frontend/node_modules/@babel/parser/lib/index.js:11081:23)
      at TypeScriptParserMixin.parseUpdate (/Users/pablodias/Projects/geosentry/frontend/node_modules/@babel/parser/lib/index.js:11066:21)
      at TypeScriptParserMixin.parseMaybeUnary (/Users/pablodias/Projects/geosentry/frontend/node_modules/@babel/parser/lib/index.js:11046:23)
      at TypeScriptParserMixin.parseMaybeUnary (/Users/pablodias/Projects/geosentry/frontend/node_modules/@babel/parser/lib/index.js:9837:18)
      at TypeScriptParserMixin.parseMaybeUnaryOrPrivate (/Users/pablodias/Projects/geosentry/frontend/node_modules/@babel/parser/lib/index.js:10899:61)
      at TypeScriptParserMixin.parseExprOps (/Users/pablodias/Projects/geosentry/frontend/node_modules/@babel/parser/lib/index.js:10904:23)
      at TypeScriptParserMixin.parseMaybeConditional (/Users/pablodias/Projects/geosentry/frontend/node_modules/@babel/parser/lib/index.js:10881:23)
      at TypeScriptParserMixin.parseMaybeAssign (/Users/pablodias/Projects/geosentry/frontend/node_modules/@babel/parser/lib/index.js:10831:21)
      at TypeScriptParserMixin.parseMaybeAssign (/Users/pablodias/Projects/geosentry/frontend/node_modules/@babel/parser/lib/index.js:9786:20)
      at TypeScriptParserMixin.parseExpressionBase (/Users/pablodias/Projects/geosentry/frontend/node_modules/@babel/parser/lib/index.js:10784:23)
      at /Users/pablodias/Projects/geosentry/frontend/node_modules/@babel/parser/lib/index.js:10780:39
      at TypeScriptParserMixin.allowInAnd (/Users/pablodias/Projects/geosentry/frontend/node_modules/@babel/parser/lib/index.js:12421:16)
      at TypeScriptParserMixin.parseExpression (/Users/pablodias/Projects/geosentry/frontend/node_modules/@babel/parser/lib/index.js:10780:17)
      at TypeScriptParserMixin.parseStatementContent (/Users/pablodias/Projects/geosentry/frontend/node_modules/@babel/parser/lib/index.js:12895:23)
      at TypeScriptParserMixin.parseStatementContent (/Users/pablodias/Projects/geosentry/frontend/node_modules/@babel/parser/lib/index.js:9508:18)
      at TypeScriptParserMixin.parseStatementLike (/Users/pablodias/Projects/geosentry/frontend/node_modules/@babel/parser/lib/index.js:12767:17)
      at TypeScriptParserMixin.parseModuleItem (/Users/pablodias/Projects/geosentry/frontend/node_modules/@babel/parser/lib/index.js:12744:17)
      at TypeScriptParserMixin.parseBlockOrModuleBlockBody (/Users/pablodias/Projects/geosentry/frontend/node_modules/@babel/parser/lib/index.js:13316:36)
      at TypeScriptParserMixin.parseBlockBody (/Users/pablodias/Projects/geosentry/frontend/node_modules/@babel/parser/lib/index.js:13309:10)
      at TypeScriptParserMixin.parseProgram (/Users/pablodias/Projects/geosentry/frontend/node_modules/@babel/parser/lib/index.js:12622:10)
      at TypeScriptParserMixin.parseTopLevel (/Users/pablodias/Projects/geosentry/frontend/node_modules/@babel/parser/lib/index.js:12612:25)
      at TypeScriptParserMixin.parse (/Users/pablodias/Projects/geosentry/frontend/node_modules/@babel/parser/lib/index.js:14488:25)
      at TypeScriptParserMixin.parse (/Users/pablodias/Projects/geosentry/frontend/node_modules/@babel/parser/lib/index.js:10126:18)
      at parse (/Users/pablodias/Projects/geosentry/frontend/node_modules/@babel/parser/lib/index.js:14522:38)
      at parser (/Users/pablodias/Projects/geosentry/frontend/node_modules/@babel/core/lib/parser/index.js:41:34)
      at parser.next (<anonymous>)
      at normalizeFile (/Users/pablodias/Projects/geosentry/frontend/node_modules/@babel/core/lib/transformation/normalize-file.js:64:37)
      at normalizeFile.next (<anonymous>)
      at run (/Users/pablodias/Projects/geosentry/frontend/node_modules/@babel/core/lib/transformation/index.js:22:50)
      at run.next (<anonymous>)
      at transform (/Users/pablodias/Projects/geosentry/frontend/node_modules/@babel/core/lib/transform.js:22:33)
      at transform.next (<anonymous>)
      at step (/Users/pablodias/Projects/geosentry/frontend/node_modules/gensync/index.js:261:32)
      at /Users/pablodias/Projects/geosentry/frontend/node_modules/gensync/index.js:273:13
      at async.call.result.err.err (/Users/pablodias/Projects/geosentry/frontend/node_modules/gensync/index.js:223:11)
      at /Users/pablodias/Projects/geosentry/frontend/node_modules/gensync/index.js:189:28
      at /Users/pablodias/Projects/geosentry/frontend/node_modules/@babel/core/lib/gensync-utils/async.js:67:7
      at /Users/pablodias/Projects/geosentry/frontend/node_modules/gensync/index.js:113:33
      at step (/Users/pablodias/Projects/geosentry/frontend/node_modules/gensync/index.js:287:14)
      at /Users/pablodias/Projects/geosentry/frontend/node_modules/gensync/index.js:273:13
      at async.call.result.err.err (/Users/pablodias/Projects/geosentry/frontend/node_modules/gensync/index.js:223:11)
4:41:48 PM [vite] Internal server error: /Users/pablodias/Projects/geosentry/frontend/src/App.tsx: Unexpected token (1:0)

> 1 | # © 2026 Pablo Dias. Todos os direitos reservados.
    | ^
  2 |
  3 | import React, { useState, useCallback } from 'react';
  4 | import { Menu } from 'lucide-react';
  Plugin: vite:react-babel
  File: /Users/pablodias/Projects/geosentry/frontend/src/App.tsx:1:0
  1  |  # © 2026 Pablo Dias. Todos os direitos reservados.
     |  ^
  2  |  
  3  |  import React, { useState, useCallback } from 'react';
      at constructor (/Users/pablodias/Projects/geosentry/frontend/node_modules/@babel/parser/lib/index.js:365:19)
      at TypeScriptParserMixin.raise (/Users/pablodias/Projects/geosentry/frontend/node_modules/@babel/parser/lib/index.js:6599:19)
      at TypeScriptParserMixin.unexpected (/Users/pablodias/Projects/geosentry/frontend/node_modules/@babel/parser/lib/index.js:6619:16)
      at TypeScriptParserMixin.parseExprAtom (/Users/pablodias/Projects/geosentry/frontend/node_modules/@babel/parser/lib/index.js:11392:22)
      at TypeScriptParserMixin.parseExprAtom (/Users/pablodias/Projects/geosentry/frontend/node_modules/@babel/parser/lib/index.js:4764:20)
      at TypeScriptParserMixin.parseExprSubscripts (/Users/pablodias/Projects/geosentry/frontend/node_modules/@babel/parser/lib/index.js:11081:23)
      at TypeScriptParserMixin.parseUpdate (/Users/pablodias/Projects/geosentry/frontend/node_modules/@babel/parser/lib/index.js:11066:21)
      at TypeScriptParserMixin.parseMaybeUnary (/Users/pablodias/Projects/geosentry/frontend/node_modules/@babel/parser/lib/index.js:11046:23)
      at TypeScriptParserMixin.parseMaybeUnary (/Users/pablodias/Projects/geosentry/frontend/node_modules/@babel/parser/lib/index.js:9837:18)
      at TypeScriptParserMixin.parseMaybeUnaryOrPrivate (/Users/pablodias/Projects/geosentry/frontend/node_modules/@babel/parser/lib/index.js:10899:61)
      at TypeScriptParserMixin.parseExprOps (/Users/pablodias/Projects/geosentry/frontend/node_modules/@babel/parser/lib/index.js:10904:23)
      at TypeScriptParserMixin.parseMaybeConditional (/Users/pablodias/Projects/geosentry/frontend/node_modules/@babel/parser/lib/index.js:10881:23)
      at TypeScriptParserMixin.parseMaybeAssign (/Users/pablodias/Projects/geosentry/frontend/node_modules/@babel/parser/lib/index.js:10831:21)
      at TypeScriptParserMixin.parseMaybeAssign (/Users/pablodias/Projects/geosentry/frontend/node_modules/@babel/parser/lib/index.js:9786:20)
      at TypeScriptParserMixin.parseExpressionBase (/Users/pablodias/Projects/geosentry/frontend/node_modules/@babel/parser/lib/index.js:10784:23)
      at /Users/pablodias/Projects/geosentry/frontend/node_modules/@babel/parser/lib/index.js:10780:39
      at TypeScriptParserMixin.allowInAnd (/Users/pablodias/Projects/geosentry/frontend/node_modules/@babel/parser/lib/index.js:12421:16)
      at TypeScriptParserMixin.parseExpression (/Users/pablodias/Projects/geosentry/frontend/node_modules/@babel/parser/lib/index.js:10780:17)
      at TypeScriptParserMixin.parseStatementContent (/Users/pablodias/Projects/geosentry/frontend/node_modules/@babel/parser/lib/index.js:12895:23)
      at TypeScriptParserMixin.parseStatementContent (/Users/pablodias/Projects/geosentry/frontend/node_modules/@babel/parser/lib/index.js:9508:18)
      at TypeScriptParserMixin.parseStatementLike (/Users/pablodias/Projects/geosentry/frontend/node_modules/@babel/parser/lib/index.js:12767:17)
      at TypeScriptParserMixin.parseModuleItem (/Users/pablodias/Projects/geosentry/frontend/node_modules/@babel/parser/lib/index.js:12744:17)
      at TypeScriptParserMixin.parseBlockOrModuleBlockBody (/Users/pablodias/Projects/geosentry/frontend/node_modules/@babel/parser/lib/index.js:13316:36)
      at TypeScriptParserMixin.parseBlockBody (/Users/pablodias/Projects/geosentry/frontend/node_modules/@babel/parser/lib/index.js:13309:10)
      at TypeScriptParserMixin.parseProgram (/Users/pablodias/Projects/geosentry/frontend/node_modules/@babel/parser/lib/index.js:12622:10)
      at TypeScriptParserMixin.parseTopLevel (/Users/pablodias/Projects/geosentry/frontend/node_modules/@babel/parser/lib/index.js:12612:25)
      at TypeScriptParserMixin.parse (/Users/pablodias/Projects/geosentry/frontend/node_modules/@babel/parser/lib/index.js:14488:25)
      at TypeScriptParserMixin.parse (/Users/pablodias/Projects/geosentry/frontend/node_modules/@babel/parser/lib/index.js:10126:18)
      at parse (/Users/pablodias/Projects/geosentry/frontend/node_modules/@babel/parser/lib/index.js:14522:38)
      at parser (/Users/pablodias/Projects/geosentry/frontend/node_modules/@babel/core/lib/parser/index.js:41:34)
      at parser.next (<anonymous>)
      at normalizeFile (/Users/pablodias/Projects/geosentry/frontend/node_modules/@babel/core/lib/transformation/normalize-file.js:64:37)
      at normalizeFile.next (<anonymous>)
      at run (/Users/pablodias/Projects/geosentry/frontend/node_modules/@babel/core/lib/transformation/index.js:22:50)
      at run.next (<anonymous>)
      at transform (/Users/pablodias/Projects/geosentry/frontend/node_modules/@babel/core/lib/transform.js:22:33)
      at transform.next (<anonymous>)
      at step (/Users/pablodias/Projects/geosentry/frontend/node_modules/gensync/index.js:261:32)
      at /Users/pablodias/Projects/geosentry/frontend/node_modules/gensync/index.js:273:13
      at async.call.result.err.err (/Users/pablodias/Projects/geosentry/frontend/node_modules/gensync/index.js:223:11)
      at /Users/pablodias/Projects/geosentry/frontend/node_modules/gensync/index.js:189:28
      at /Users/pablodias/Projects/geosentry/frontend/node_modules/@babel/core/lib/gensync-utils/async.js:67:7
      at /Users/pablodias/Projects/geosentry/frontend/node_modules/gensync/index.js:113:33
      at step (/Users/pablodias/Projects/geosentry/frontend/node_modules/gensync/index.js:287:14)
      at /Users/pablodias/Projects/geosentry/frontend/node_modules/gensync/index.js:273:13
      at async.call.result.err.err (/Users/pablodias/Projects/geosentry/frontend/node_modules/gensync/index.js:223:11)
4:41:49 PM [vite] Internal server error: /Users/pablodias/Projects/geosentry/frontend/src/App.tsx: Unexpected token (1:0)

> 1 | # © 2026 Pablo Dias. Todos os direitos reservados.
    | ^
  2 |
  3 | import React, { useState, useCallback } from 'react';
  4 | import { Menu } from 'lucide-react';
  Plugin: vite:react-babel
  File: /Users/pablodias/Projects/geosentry/frontend/src/App.tsx:1:0
  1  |  # © 2026 Pablo Dias. Todos os direitos reservados.
     |  ^
  2  |  
  3  |  import React, { useState, useCallback } from 'react';
      at constructor (/Users/pablodias/Projects/geosentry/frontend/node_modules/@babel/parser/lib/index.js:365:19)
      at TypeScriptParserMixin.raise (/Users/pablodias/Projects/geosentry/frontend/node_modules/@babel/parser/lib/index.js:6599:19)
      at TypeScriptParserMixin.unexpected (/Users/pablodias/Projects/geosentry/frontend/node_modules/@babel/parser/lib/index.js:6619:16)
      at TypeScriptParserMixin.parseExprAtom (/Users/pablodias/Projects/geosentry/frontend/node_modules/@babel/parser/lib/index.js:11392:22)
      at TypeScriptParserMixin.parseExprAtom (/Users/pablodias/Projects/geosentry/frontend/node_modules/@babel/parser/lib/index.js:4764:20)
      at TypeScriptParserMixin.parseExprSubscripts (/Users/pablodias/Projects/geosentry/frontend/node_modules/@babel/parser/lib/index.js:11081:23)
      at TypeScriptParserMixin.parseUpdate (/Users/pablodias/Projects/geosentry/frontend/node_modules/@babel/parser/lib/index.js:11066:21)
      at TypeScriptParserMixin.parseMaybeUnary (/Users/pablodias/Projects/geosentry/frontend/node_modules/@babel/parser/lib/index.js:11046:23)
      at TypeScriptParserMixin.parseMaybeUnary (/Users/pablodias/Projects/geosentry/frontend/node_modules/@babel/parser/lib/index.js:9837:18)
      at TypeScriptParserMixin.parseMaybeUnaryOrPrivate (/Users/pablodias/Projects/geosentry/frontend/node_modules/@babel/parser/lib/index.js:10899:61)
      at TypeScriptParserMixin.parseExprOps (/Users/pablodias/Projects/geosentry/frontend/node_modules/@babel/parser/lib/index.js:10904:23)
      at TypeScriptParserMixin.parseMaybeConditional (/Users/pablodias/Projects/geosentry/frontend/node_modules/@babel/parser/lib/index.js:10881:23)
      at TypeScriptParserMixin.parseMaybeAssign (/Users/pablodias/Projects/geosentry/frontend/node_modules/@babel/parser/lib/index.js:10831:21)
      at TypeScriptParserMixin.parseMaybeAssign (/Users/pablodias/Projects/geosentry/frontend/node_modules/@babel/parser/lib/index.js:9786:20)
      at TypeScriptParserMixin.parseExpressionBase (/Users/pablodias/Projects/geosentry/frontend/node_modules/@babel/parser/lib/index.js:10784:23)
      at /Users/pablodias/Projects/geosentry/frontend/node_modules/@babel/parser/lib/index.js:10780:39
      at TypeScriptParserMixin.allowInAnd (/Users/pablodias/Projects/geosentry/frontend/node_modules/@babel/parser/lib/index.js:12421:16)
      at TypeScriptParserMixin.parseExpression (/Users/pablodias/Projects/geosentry/frontend/node_modules/@babel/parser/lib/index.js:10780:17)
      at TypeScriptParserMixin.parseStatementContent (/Users/pablodias/Projects/geosentry/frontend/node_modules/@babel/parser/lib/index.js:12895:23)
      at TypeScriptParserMixin.parseStatementContent (/Users/pablodias/Projects/geosentry/frontend/node_modules/@babel/parser/lib/index.js:9508:18)
      at TypeScriptParserMixin.parseStatementLike (/Users/pablodias/Projects/geosentry/frontend/node_modules/@babel/parser/lib/index.js:12767:17)
      at TypeScriptParserMixin.parseModuleItem (/Users/pablodias/Projects/geosentry/frontend/node_modules/@babel/parser/lib/index.js:12744:17)
      at TypeScriptParserMixin.parseBlockOrModuleBlockBody (/Users/pablodias/Projects/geosentry/frontend/node_modules/@babel/parser/lib/index.js:13316:36)
      at TypeScriptParserMixin.parseBlockBody (/Users/pablodias/Projects/geosentry/frontend/node_modules/@babel/parser/lib/index.js:13309:10)
      at TypeScriptParserMixin.parseProgram (/Users/pablodias/Projects/geosentry/frontend/node_modules/@babel/parser/lib/index.js:12622:10)
      at TypeScriptParserMixin.parseTopLevel (/Users/pablodias/Projects/geosentry/frontend/node_modules/@babel/parser/lib/index.js:12612:25)
      at TypeScriptParserMixin.parse (/Users/pablodias/Projects/geosentry/frontend/node_modules/@babel/parser/lib/index.js:14488:25)
      at TypeScriptParserMixin.parse (/Users/pablodias/Projects/geosentry/frontend/node_modules/@babel/parser/lib/index.js:10126:18)
      at parse (/Users/pablodias/Projects/geosentry/frontend/node_modules/@babel/parser/lib/index.js:14522:38)
      at parser (/Users/pablodias/Projects/geosentry/frontend/node_modules/@babel/core/lib/parser/index.js:41:34)
      at parser.next (<anonymous>)
      at normalizeFile (/Users/pablodias/Projects/geosentry/frontend/node_modules/@babel/core/lib/transformation/normalize-file.js:64:37)
      at normalizeFile.next (<anonymous>)
      at run (/Users/pablodias/Projects/geosentry/frontend/node_modules/@babel/core/lib/transformation/index.js:22:50)
      at run.next (<anonymous>)
      at transform (/Users/pablodias/Projects/geosentry/frontend/node_modules/@babel/core/lib/transform.js:22:33)
      at transform.next (<anonymous>)
      at step (/Users/pablodias/Projects/geosentry/frontend/node_modules/gensync/index.js:261:32)
      at /Users/pablodias/Projects/geosentry/frontend/node_modules/gensync/index.js:273:13
      at async.call.result.err.err (/Users/pablodias/Projects/geosentry/frontend/node_modules/gensync/index.js:223:11)
      at /Users/pablodias/Projects/geosentry/frontend/node_modules/gensync/index.js:189:28
      at /Users/pablodias/Projects/geosentry/frontend/node_modules/@babel/core/lib/gensync-utils/async.js:67:7
      at /Users/pablodias/Projects/geosentry/frontend/node_modules/gensync/index.js:113:33
      at step (/Users/pablodias/Projects/geosentry/frontend/node_modules/gensync/index.js:287:14)
      at /Users/pablodias/Projects/geosentry/frontend/node_modules/gensync/index.js:273:13
      at async.call.result.err.err (/Users/pablodias/Projects/geosentry/frontend/node_modules/gensync/index.js:223:11)
4:41:59 PM [vite] Internal server error: /Users/pablodias/Projects/geosentry/frontend/src/App.tsx: Unexpected token (1:0)

> 1 | # © 2026 Pablo Dias. Todos os direitos reservados.
    | ^
  2 |
  3 | import React, { useState, useCallback } from 'react';
  4 | import { Menu } from 'lucide-react';
  Plugin: vite:react-babel
  File: /Users/pablodias/Projects/geosentry/frontend/src/App.tsx:1:0
  1  |  # © 2026 Pablo Dias. Todos os direitos reservados.
     |  ^
  2  |  
  3  |  import React, { useState, useCallback } from 'react';
      at constructor (/Users/pablodias/Projects/geosentry/frontend/node_modules/@babel/parser/lib/index.js:365:19)
      at TypeScriptParserMixin.raise (/Users/pablodias/Projects/geosentry/frontend/node_modules/@babel/parser/lib/index.js:6599:19)
      at TypeScriptParserMixin.unexpected (/Users/pablodias/Projects/geosentry/frontend/node_modules/@babel/parser/lib/index.js:6619:16)
      at TypeScriptParserMixin.parseExprAtom (/Users/pablodias/Projects/geosentry/frontend/node_modules/@babel/parser/lib/index.js:11392:22)
      at TypeScriptParserMixin.parseExprAtom (/Users/pablodias/Projects/geosentry/frontend/node_modules/@babel/parser/lib/index.js:4764:20)
      at TypeScriptParserMixin.parseExprSubscripts (/Users/pablodias/Projects/geosentry/frontend/node_modules/@babel/parser/lib/index.js:11081:23)
      at TypeScriptParserMixin.parseUpdate (/Users/pablodias/Projects/geosentry/frontend/node_modules/@babel/parser/lib/index.js:11066:21)
      at TypeScriptParserMixin.parseMaybeUnary (/Users/pablodias/Projects/geosentry/frontend/node_modules/@babel/parser/lib/index.js:11046:23)
      at TypeScriptParserMixin.parseMaybeUnary (/Users/pablodias/Projects/geosentry/frontend/node_modules/@babel/parser/lib/index.js:9837:18)
      at TypeScriptParserMixin.parseMaybeUnaryOrPrivate (/Users/pablodias/Projects/geosentry/frontend/node_modules/@babel/parser/lib/index.js:10899:61)
      at TypeScriptParserMixin.parseExprOps (/Users/pablodias/Projects/geosentry/frontend/node_modules/@babel/parser/lib/index.js:10904:23)
      at TypeScriptParserMixin.parseMaybeConditional (/Users/pablodias/Projects/geosentry/frontend/node_modules/@babel/parser/lib/index.js:10881:23)
      at TypeScriptParserMixin.parseMaybeAssign (/Users/pablodias/Projects/geosentry/frontend/node_modules/@babel/parser/lib/index.js:10831:21)
      at TypeScriptParserMixin.parseMaybeAssign (/Users/pablodias/Projects/geosentry/frontend/node_modules/@babel/parser/lib/index.js:9786:20)
      at TypeScriptParserMixin.parseExpressionBase (/Users/pablodias/Projects/geosentry/frontend/node_modules/@babel/parser/lib/index.js:10784:23)
      at /Users/pablodias/Projects/geosentry/frontend/node_modules/@babel/parser/lib/index.js:10780:39
      at TypeScriptParserMixin.allowInAnd (/Users/pablodias/Projects/geosentry/frontend/node_modules/@babel/parser/lib/index.js:12421:16)
      at TypeScriptParserMixin.parseExpression (/Users/pablodias/Projects/geosentry/frontend/node_modules/@babel/parser/lib/index.js:10780:17)
      at TypeScriptParserMixin.parseStatementContent (/Users/pablodias/Projects/geosentry/frontend/node_modules/@babel/parser/lib/index.js:12895:23)
      at TypeScriptParserMixin.parseStatementContent (/Users/pablodias/Projects/geosentry/frontend/node_modules/@babel/parser/lib/index.js:9508:18)
      at TypeScriptParserMixin.parseStatementLike (/Users/pablodias/Projects/geosentry/frontend/node_modules/@babel/parser/lib/index.js:12767:17)
      at TypeScriptParserMixin.parseModuleItem (/Users/pablodias/Projects/geosentry/frontend/node_modules/@babel/parser/lib/index.js:12744:17)
      at TypeScriptParserMixin.parseBlockOrModuleBlockBody (/Users/pablodias/Projects/geosentry/frontend/node_modules/@babel/parser/lib/index.js:13316:36)
      at TypeScriptParserMixin.parseBlockBody (/Users/pablodias/Projects/geosentry/frontend/node_modules/@babel/parser/lib/index.js:13309:10)
      at TypeScriptParserMixin.parseProgram (/Users/pablodias/Projects/geosentry/frontend/node_modules/@babel/parser/lib/index.js:12622:10)
      at TypeScriptParserMixin.parseTopLevel (/Users/pablodias/Projects/geosentry/frontend/node_modules/@babel/parser/lib/index.js:12612:25)
      at TypeScriptParserMixin.parse (/Users/pablodias/Projects/geosentry/frontend/node_modules/@babel/parser/lib/index.js:14488:25)
      at TypeScriptParserMixin.parse (/Users/pablodias/Projects/geosentry/frontend/node_modules/@babel/parser/lib/index.js:10126:18)
      at parse (/Users/pablodias/Projects/geosentry/frontend/node_modules/@babel/parser/lib/index.js:14522:38)
      at parser (/Users/pablodias/Projects/geosentry/frontend/node_modules/@babel/core/lib/parser/index.js:41:34)
      at parser.next (<anonymous>)
      at normalizeFile (/Users/pablodias/Projects/geosentry/frontend/node_modules/@babel/core/lib/transformation/normalize-file.js:64:37)
      at normalizeFile.next (<anonymous>)
      at run (/Users/pablodias/Projects/geosentry/frontend/node_modules/@babel/core/lib/transformation/index.js:22:50)
      at run.next (<anonymous>)
      at transform (/Users/pablodias/Projects/geosentry/frontend/node_modules/@babel/core/lib/transform.js:22:33)
      at transform.next (<anonymous>)
      at step (/Users/pablodias/Projects/geosentry/frontend/node_modules/gensync/index.js:261:32)
      at /Users/pablodias/Projects/geosentry/frontend/node_modules/gensync/index.js:273:13
      at async.call.result.err.err (/Users/pablodias/Projects/geosentry/frontend/node_modules/gensync/index.js:223:11)
      at /Users/pablodias/Projects/geosentry/frontend/node_modules/gensync/index.js:189:28
      at /Users/pablodias/Projects/geosentry/frontend/node_modules/@babel/core/lib/gensync-utils/async.js:67:7
      at /Users/pablodias/Projects/geosentry/frontend/node_modules/gensync/index.js:113:33
      at step (/Users/pablodias/Projects/geosentry/frontend/node_modules/gensync/index.js:287:14)
      at /Users/pablodias/Projects/geosentry/frontend/node_modules/gensync/index.js:273:13
      at async.call.result.err.err (/Users/pablodias/Projects/geosentry/frontend/node_modules/gensync/index.js:223:11)
4:42:48 PM [vite] Internal server error: /Users/pablodias/Projects/geosentry/frontend/src/App.tsx: Unexpected token (1:0)

> 1 | # © 2026 Pablo Dias. Todos os direitos reservados.
    | ^
  2 |
  3 | import React, { useState, useCallback } from 'react';
  4 | import { Menu } from 'lucide-react';
  Plugin: vite:react-babel
  File: /Users/pablodias/Projects/geosentry/frontend/src/App.tsx:1:0
  1  |  # © 2026 Pablo Dias. Todos os direitos reservados.
     |  ^
  2  |  
  3  |  import React, { useState, useCallback } from 'react';
      at constructor (/Users/pablodias/Projects/geosentry/frontend/node_modules/@babel/parser/lib/index.js:365:19)
      at TypeScriptParserMixin.raise (/Users/pablodias/Projects/geosentry/frontend/node_modules/@babel/parser/lib/index.js:6599:19)
      at TypeScriptParserMixin.unexpected (/Users/pablodias/Projects/geosentry/frontend/node_modules/@babel/parser/lib/index.js:6619:16)
      at TypeScriptParserMixin.parseExprAtom (/Users/pablodias/Projects/geosentry/frontend/node_modules/@babel/parser/lib/index.js:11392:22)
      at TypeScriptParserMixin.parseExprAtom (/Users/pablodias/Projects/geosentry/frontend/node_modules/@babel/parser/lib/index.js:4764:20)
      at TypeScriptParserMixin.parseExprSubscripts (/Users/pablodias/Projects/geosentry/frontend/node_modules/@babel/parser/lib/index.js:11081:23)
      at TypeScriptParserMixin.parseUpdate (/Users/pablodias/Projects/geosentry/frontend/node_modules/@babel/parser/lib/index.js:11066:21)
      at TypeScriptParserMixin.parseMaybeUnary (/Users/pablodias/Projects/geosentry/frontend/node_modules/@babel/parser/lib/index.js:11046:23)
      at TypeScriptParserMixin.parseMaybeUnary (/Users/pablodias/Projects/geosentry/frontend/node_modules/@babel/parser/lib/index.js:9837:18)
      at TypeScriptParserMixin.parseMaybeUnaryOrPrivate (/Users/pablodias/Projects/geosentry/frontend/node_modules/@babel/parser/lib/index.js:10899:61)
      at TypeScriptParserMixin.parseExprOps (/Users/pablodias/Projects/geosentry/frontend/node_modules/@babel/parser/lib/index.js:10904:23)
      at TypeScriptParserMixin.parseMaybeConditional (/Users/pablodias/Projects/geosentry/frontend/node_modules/@babel/parser/lib/index.js:10881:23)
      at TypeScriptParserMixin.parseMaybeAssign (/Users/pablodias/Projects/geosentry/frontend/node_modules/@babel/parser/lib/index.js:10831:21)
      at TypeScriptParserMixin.parseMaybeAssign (/Users/pablodias/Projects/geosentry/frontend/node_modules/@babel/parser/lib/index.js:9786:20)
      at TypeScriptParserMixin.parseExpressionBase (/Users/pablodias/Projects/geosentry/frontend/node_modules/@babel/parser/lib/index.js:10784:23)
      at /Users/pablodias/Projects/geosentry/frontend/node_modules/@babel/parser/lib/index.js:10780:39
      at TypeScriptParserMixin.allowInAnd (/Users/pablodias/Projects/geosentry/frontend/node_modules/@babel/parser/lib/index.js:12421:16)
      at TypeScriptParserMixin.parseExpression (/Users/pablodias/Projects/geosentry/frontend/node_modules/@babel/parser/lib/index.js:10780:17)
      at TypeScriptParserMixin.parseStatementContent (/Users/pablodias/Projects/geosentry/frontend/node_modules/@babel/parser/lib/index.js:12895:23)
      at TypeScriptParserMixin.parseStatementContent (/Users/pablodias/Projects/geosentry/frontend/node_modules/@babel/parser/lib/index.js:9508:18)
      at TypeScriptParserMixin.parseStatementLike (/Users/pablodias/Projects/geosentry/frontend/node_modules/@babel/parser/lib/index.js:12767:17)
      at TypeScriptParserMixin.parseModuleItem (/Users/pablodias/Projects/geosentry/frontend/node_modules/@babel/parser/lib/index.js:12744:17)
      at TypeScriptParserMixin.parseBlockOrModuleBlockBody (/Users/pablodias/Projects/geosentry/frontend/node_modules/@babel/parser/lib/index.js:13316:36)
      at TypeScriptParserMixin.parseBlockBody (/Users/pablodias/Projects/geosentry/frontend/node_modules/@babel/parser/lib/index.js:13309:10)
      at TypeScriptParserMixin.parseProgram (/Users/pablodias/Projects/geosentry/frontend/node_modules/@babel/parser/lib/index.js:12622:10)
      at TypeScriptParserMixin.parseTopLevel (/Users/pablodias/Projects/geosentry/frontend/node_modules/@babel/parser/lib/index.js:12612:25)
      at TypeScriptParserMixin.parse (/Users/pablodias/Projects/geosentry/frontend/node_modules/@babel/parser/lib/index.js:14488:25)
      at TypeScriptParserMixin.parse (/Users/pablodias/Projects/geosentry/frontend/node_modules/@babel/parser/lib/index.js:10126:18)
      at parse (/Users/pablodias/Projects/geosentry/frontend/node_modules/@babel/parser/lib/index.js:14522:38)
      at parser (/Users/pablodias/Projects/geosentry/frontend/node_modules/@babel/core/lib/parser/index.js:41:34)
      at parser.next (<anonymous>)
      at normalizeFile (/Users/pablodias/Projects/geosentry/frontend/node_modules/@babel/core/lib/transformation/normalize-file.js:64:37)
      at normalizeFile.next (<anonymous>)
      at run (/Users/pablodias/Projects/geosentry/frontend/node_modules/@babel/core/lib/transformation/index.js:22:50)
      at run.next (<anonymous>)
      at transform (/Users/pablodias/Projects/geosentry/frontend/node_modules/@babel/core/lib/transform.js:22:33)
      at transform.next (<anonymous>)
      at step (/Users/pablodias/Projects/geosentry/frontend/node_modules/gensync/index.js:261:32)
      at /Users/pablodias/Projects/geosentry/frontend/node_modules/gensync/index.js:273:13
      at async.call.result.err.err (/Users/pablodias/Projects/geosentry/frontend/node_modules/gensync/index.js:223:11)
      at /Users/pablodias/Projects/geosentry/frontend/node_modules/gensync/index.js:189:28
      at /Users/pablodias/Projects/geosentry/frontend/node_modules/@babel/core/lib/gensync-utils/async.js:67:7
      at /Users/pablodias/Projects/geosentry/frontend/node_modules/gensync/index.js:113:33
      at step (/Users/pablodias/Projects/geosentry/frontend/node_modules/gensync/index.js:287:14)
      at /Users/pablodias/Projects/geosentry/frontend/node_modules/gensync/index.js:273:13
      at async.call.result.err.err (/Users/pablodias/Projects/geosentry/frontend/node_modules/gensync/index.js:223:11)
