INFO:     Will watch for changes in these directories: ['/Users/pablodias/Projects/geosentry']
INFO:     Uvicorn running on http://0.0.0.0:8000 (Press CTRL+C to quit)
INFO:     Started reloader process [74356] using StatReload
INFO:     Started server process [74358]
INFO:     Waiting for application startup.
INFO:     Application startup complete.
Traceback (most recent call last):
  File "/Library/Developer/CommandLineTools/Library/Frameworks/Python3.framework/Versions/3.9/lib/python3.9/runpy.py", line 197, in _run_module_as_main
    return _run_code(code, main_globals, None,
  File "/Library/Developer/CommandLineTools/Library/Frameworks/Python3.framework/Versions/3.9/lib/python3.9/runpy.py", line 87, in _run_code
    exec(code, run_globals)
  File "/Users/pablodias/Projects/geosentry/venv/lib/python3.9/site-packages/uvicorn/__main__.py", line 4, in <module>
    uvicorn.main()
  File "/Users/pablodias/Projects/geosentry/venv/lib/python3.9/site-packages/click/core.py", line 1161, in __call__
    return self.main(*args, **kwargs)
  File "/Users/pablodias/Projects/geosentry/venv/lib/python3.9/site-packages/click/core.py", line 1082, in main
    rv = self.invoke(ctx)
  File "/Users/pablodias/Projects/geosentry/venv/lib/python3.9/site-packages/click/core.py", line 1443, in invoke
    return ctx.invoke(self.callback, **ctx.params)
  File "/Users/pablodias/Projects/geosentry/venv/lib/python3.9/site-packages/click/core.py", line 788, in invoke
    return __callback(*args, **kwargs)
  File "/Users/pablodias/Projects/geosentry/venv/lib/python3.9/site-packages/uvicorn/main.py", line 423, in main
    run(
  File "/Users/pablodias/Projects/geosentry/venv/lib/python3.9/site-packages/uvicorn/main.py", line 588, in run
    ChangeReload(config, target=server.run, sockets=[sock]).run()
  File "/Users/pablodias/Projects/geosentry/venv/lib/python3.9/site-packages/uvicorn/supervisors/basereload.py", line 53, in run
    for changes in self:
  File "/Users/pablodias/Projects/geosentry/venv/lib/python3.9/site-packages/uvicorn/supervisors/basereload.py", line 72, in __next__
    return self.should_restart()
  File "/Users/pablodias/Projects/geosentry/venv/lib/python3.9/site-packages/uvicorn/supervisors/statreload.py", line 32, in should_restart
    for file in self.iter_py_files():
  File "/Users/pablodias/Projects/geosentry/venv/lib/python3.9/site-packages/uvicorn/supervisors/statreload.py", line 52, in iter_py_files
    for path in list(reload_dir.rglob("*.py")):
  File "/Library/Developer/CommandLineTools/Library/Frameworks/Python3.framework/Versions/3.9/lib/python3.9/pathlib.py", line 1180, in rglob
    for p in selector.select_from(self):
  File "/Library/Developer/CommandLineTools/Library/Frameworks/Python3.framework/Versions/3.9/lib/python3.9/pathlib.py", line 601, in _select_from
    for p in successor_select(starting_point, is_dir, exists, scandir):
  File "/Library/Developer/CommandLineTools/Library/Frameworks/Python3.framework/Versions/3.9/lib/python3.9/pathlib.py", line 548, in _select_from
    with scandir(parent_path) as scandir_it:
FileNotFoundError: [Errno 2] No such file or directory: '/Users/pablodias/Projects/geosentry/frontend/node_modules/.vite'
INFO:     127.0.0.1:59250 - "GET /eventos HTTP/1.1" 200 OK
INFO:     127.0.0.1:59254 - "GET /eventos HTTP/1.1" 200 OK
